# JRE version: OpenJDK Runtime Environment Temurin-17.0.11+9 (17.0.11+9) (build 17.0.11+9)
# Java VM: OpenJDK 64-Bit Server VM Temurin-17.0.11+9 (17.0.11+9, mixed mode, sharing, tiered, compressed oops, compressed class ptrs, g1 gc, windows-amd64)
GC Precious Log:
 CPUs: 12 total, 12 available
 Memory: 7518M
 Large Page Support: Disabled
 NUMA Support: Disabled
 Compressed Oops: Enabled (32-bit)
 Heap Region Size: 1M
 Heap Min Capacity: 8M
 Heap Initial Capacity: 118M
 Heap Max Capacity: 1880M
 Pre-touch: Disabled
 Parallel Workers: 10
 Concurrent Workers: 3
 Concurrent Refinement Workers: 10
 Periodic GC: Disabled
Heap:
 garbage-first heap   total 102400K, used 58236K [0x000000008a800000, 0x0000000100000000)
  region size 1024K, 31 young (31744K), 1 survivors (1024K)
 Metaspace       used 44890K, committed 45376K, reserved 1114112K
  class space    used 5393K, committed 5632K, reserved 1048576K
GC Heap History (20 events):
Event: 60.477 GC heap before
{Heap before GC invocations=41 (full 0):
 garbage-first heap   total 58368K, used 27624K [0x000000008a800000, 0x0000000100000000)
  region size 1024K, 3 young (3072K), 2 survivors (2048K)
 Metaspace       used 39800K, committed 40192K, reserved 1114112K
  class space    used 4681K, committed 4864K, reserved 1048576K
}
Event: 60.481 GC heap after
{Heap after GC invocations=42 (full 0):
 garbage-first heap   total 58368K, used 26555K [0x000000008a800000, 0x0000000100000000)
  region size 1024K, 1 young (1024K), 1 survivors (1024K)
 Metaspace       used 39800K, committed 40192K, reserved 1114112K
  class space    used 4681K, committed 4864K, reserved 1048576K
}
Event: 60.749 GC heap before
{Heap before GC invocations=42 (full 0):
 garbage-first heap   total 58368K, used 46011K [0x000000008a800000, 0x0000000100000000)
  region size 1024K, 20 young (20480K), 1 survivors (1024K)
 Metaspace       used 41204K, committed 41600K, reserved 1114112K
  class space    used 4876K, committed 5056K, reserved 1048576K
}
Event: 60.753 GC heap after
{Heap after GC invocations=43 (full 0):
 garbage-first heap   total 58368K, used 27847K [0x000000008a800000, 0x0000000100000000)
  region size 1024K, 2 young (2048K), 2 survivors (2048K)
 Metaspace       used 41204K, committed 41600K, reserved 1114112K
  class space    used 4876K, committed 5056K, reserved 1048576K
}
Event: 60.907 GC heap before
{Heap before GC invocations=44 (full 0):
 garbage-first heap   total 58368K, used 46279K [0x000000008a800000, 0x0000000100000000)
  region size 1024K, 20 young (20480K), 2 survivors (2048K)
 Metaspace       used 41356K, committed 41792K, reserved 1114112K
  class space    used 4882K, committed 5056K, reserved 1048576K
}
Event: 60.909 GC heap after
{Heap after GC invocations=45 (full 0):
 garbage-first heap   total 58368K, used 27793K [0x000000008a800000, 0x0000000100000000)
  region size 1024K, 1 young (1024K), 1 survivors (1024K)
 Metaspace       used 41356K, committed 41792K, reserved 1114112K
  class space    used 4882K, committed 5056K, reserved 1048576K
}
Event: 61.029 GC heap before
{Heap before GC invocations=45 (full 0):
 garbage-first heap   total 58368K, used 47249K [0x000000008a800000, 0x0000000100000000)
  region size 1024K, 20 young (20480K), 1 survivors (1024K)
 Metaspace       used 41471K, committed 41856K, reserved 1114112K
  class space    used 4891K, committed 5056K, reserved 1048576K
}
Event: 61.031 GC heap after
{Heap after GC invocations=46 (full 0):
 garbage-first heap   total 110592K, used 27757K [0x000000008a800000, 0x0000000100000000)
  region size 1024K, 1 young (1024K), 1 survivors (1024K)
 Metaspace       used 41471K, committed 41856K, reserved 1114112K
  class space    used 4891K, committed 5056K, reserved 1048576K
}
Event: 61.411 GC heap before
{Heap before GC invocations=47 (full 0):
 garbage-first heap   total 102400K, used 91245K [0x000000008a800000, 0x0000000100000000)
  region size 1024K, 63 young (64512K), 1 survivors (1024K)
 Metaspace       used 41773K, committed 42240K, reserved 1114112K
  class space    used 4917K, committed 5120K, reserved 1048576K
}
Event: 61.412 GC heap after
{Heap after GC invocations=48 (full 0):
 garbage-first heap   total 102400K, used 28143K [0x000000008a800000, 0x0000000100000000)
  region size 1024K, 1 young (1024K), 1 survivors (1024K)
 Metaspace       used 41773K, committed 42240K, reserved 1114112K
  class space    used 4917K, committed 5120K, reserved 1048576K
}
Event: 63.126 GC heap before
{Heap before GC invocations=48 (full 0):
 garbage-first heap   total 102400K, used 87535K [0x000000008a800000, 0x0000000100000000)
  region size 1024K, 59 young (60416K), 1 survivors (1024K)
 Metaspace       used 43300K, committed 43776K, reserved 1114112K
  class space    used 5162K, committed 5376K, reserved 1048576K
}
Event: 63.128 GC heap after
{Heap after GC invocations=49 (full 0):
 garbage-first heap   total 102400K, used 28569K [0x000000008a800000, 0x0000000100000000)
  region size 1024K, 1 young (1024K), 1 survivors (1024K)
 Metaspace       used 43300K, committed 43776K, reserved 1114112K
  class space    used 5162K, committed 5376K, reserved 1048576K
}
Event: 66.328 GC heap before
{Heap before GC invocations=49 (full 0):
 garbage-first heap   total 102400K, used 87961K [0x000000008a800000, 0x0000000100000000)
  region size 1024K, 59 young (60416K), 1 survivors (1024K)
 Metaspace       used 43302K, committed 43776K, reserved 1114112K
  class space    used 5162K, committed 5376K, reserved 1048576K
}
Event: 66.330 GC heap after
{Heap after GC invocations=50 (full 0):
 garbage-first heap   total 102400K, used 28663K [0x000000008a800000, 0x0000000100000000)
  region size 1024K, 2 young (2048K), 2 survivors (2048K)
 Metaspace       used 43302K, committed 43776K, reserved 1114112K
  class space    used 5162K, committed 5376K, reserved 1048576K
}
Event: 69.291 GC heap before
{Heap before GC invocations=50 (full 0):
 garbage-first heap   total 102400K, used 88055K [0x000000008a800000, 0x0000000100000000)
  region size 1024K, 60 young (61440K), 2 survivors (2048K)
 Metaspace       used 43302K, committed 43776K, reserved 1114112K
  class space    used 5162K, committed 5376K, reserved 1048576K
}
Event: 69.293 GC heap after
{Heap after GC invocations=51 (full 0):
 garbage-first heap   total 102400K, used 28569K [0x000000008a800000, 0x0000000100000000)
  region size 1024K, 1 young (1024K), 1 survivors (1024K)
 Metaspace       used 43302K, committed 43776K, reserved 1114112K
  class space    used 5162K, committed 5376K, reserved 1048576K
}
Event: 72.452 GC heap before
{Heap before GC invocations=51 (full 0):
 garbage-first heap   total 102400K, used 88985K [0x000000008a800000, 0x0000000100000000)
  region size 1024K, 60 young (61440K), 1 survivors (1024K)
 Metaspace       used 43302K, committed 43776K, reserved 1114112K
  class space    used 5162K, committed 5376K, reserved 1048576K
}
Event: 72.454 GC heap after
{Heap after GC invocations=52 (full 0):
 garbage-first heap   total 102400K, used 28569K [0x000000008a800000, 0x0000000100000000)
  region size 1024K, 1 young (1024K), 1 survivors (1024K)
 Metaspace       used 43302K, committed 43776K, reserved 1114112K
  class space    used 5162K, committed 5376K, reserved 1048576K
}
Event: 75.510 GC heap before
{Heap before GC invocations=52 (full 0):
 garbage-first heap   total 102400K, used 88985K [0x000000008a800000, 0x0000000100000000)
  region size 1024K, 60 young (61440K), 1 survivors (1024K)
 Metaspace       used 43302K, committed 43776K, reserved 1114112K
  class space    used 5162K, committed 5376K, reserved 1048576K
}
Event: 75.512 GC heap after
{Heap after GC invocations=53 (full 0):
 garbage-first heap   total 102400K, used 28540K [0x000000008a800000, 0x0000000100000000)
  region size 1024K, 1 young (1024K), 1 survivors (1024K)
 Metaspace       used 43302K, committed 43776K, reserved 1114112K
  class space    used 5162K, committed 5376K, reserved 1048576K
}

