# JRE version: OpenJDK Runtime Environment Temurin-17.0.11+9 (17.0.11+9) (build 17.0.11+9)
# Java VM: OpenJDK 64-Bit Server VM Temurin-17.0.11+9 (17.0.11+9, mixed mode, sharing, tiered, compressed oops, compressed class ptrs, g1 gc, windows-amd64)
GC Precious Log:
 CPUs: 12 total, 12 available
 Memory: 7518M
 Large Page Support: Disabled
 NUMA Support: Disabled
 Compressed Oops: Enabled (32-bit)
 Heap Region Size: 1M
 Heap Min Capacity: 8M
 Heap Initial Capacity: 118M
 Heap Max Capacity: 1880M
 Pre-touch: Disabled
 Parallel Workers: 10
 Concurrent Workers: 3
 Concurrent Refinement Workers: 10
 Periodic GC: Disabled
Heap:
 garbage-first heap   total 122880K, used 84259K [0x000000008a800000, 0x0000000100000000)
  region size 1024K, 44 young (45056K), 3 survivors (3072K)
 Metaspace       used 52112K, committed 52672K, reserved 1114112K
  class space    used 6267K, committed 6528K, reserved 1048576K
GC Heap History (20 events):
Event: 84.115 GC heap before
{Heap before GC invocations=50 (full 0):
 garbage-first heap   total 102400K, used 86210K [0x000000008a800000, 0x0000000100000000)
  region size 1024K, 60 young (61440K), 3 survivors (3072K)
 Metaspace       used 45362K, committed 45952K, reserved 1114112K
  class space    used 5430K, committed 5696K, reserved 1048576K
}
Event: 84.118 GC heap after
{Heap after GC invocations=51 (full 0):
 garbage-first heap   total 102400K, used 29989K [0x000000008a800000, 0x0000000100000000)
  region size 1024K, 4 young (4096K), 4 survivors (4096K)
 Metaspace       used 45362K, committed 45952K, reserved 1114112K
  class space    used 5430K, committed 5696K, reserved 1048576K
}
Event: 90.280 GC heap before
{Heap before GC invocations=51 (full 0):
 garbage-first heap   total 102400K, used 86309K [0x000000008a800000, 0x0000000100000000)
  region size 1024K, 60 young (61440K), 4 survivors (4096K)
 Metaspace       used 45521K, committed 46080K, reserved 1114112K
  class space    used 5430K, committed 5696K, reserved 1048576K
}
Event: 90.283 GC heap after
{Heap after GC invocations=52 (full 0):
 garbage-first heap   total 102400K, used 30246K [0x000000008a800000, 0x0000000100000000)
  region size 1024K, 4 young (4096K), 4 survivors (4096K)
 Metaspace       used 45521K, committed 46080K, reserved 1114112K
  class space    used 5430K, committed 5696K, reserved 1048576K
}
Event: 93.111 GC heap before
{Heap before GC invocations=52 (full 0):
 garbage-first heap   total 102400K, used 87590K [0x000000008a800000, 0x0000000100000000)
  region size 1024K, 60 young (61440K), 4 survivors (4096K)
 Metaspace       used 45979K, committed 46464K, reserved 1114112K
  class space    used 5463K, committed 5696K, reserved 1048576K
}
Event: 93.115 GC heap after
{Heap after GC invocations=53 (full 0):
 garbage-first heap   total 102400K, used 30246K [0x000000008a800000, 0x0000000100000000)
  region size 1024K, 4 young (4096K), 4 survivors (4096K)
 Metaspace       used 45979K, committed 46464K, reserved 1114112K
  class space    used 5463K, committed 5696K, reserved 1048576K
}
Event: 93.431 GC heap before
{Heap before GC invocations=53 (full 0):
 garbage-first heap   total 102400K, used 87590K [0x000000008a800000, 0x0000000100000000)
  region size 1024K, 60 young (61440K), 4 survivors (4096K)
 Metaspace       used 46616K, committed 47168K, reserved 1114112K
  class space    used 5563K, committed 5824K, reserved 1048576K
}
Event: 93.435 GC heap after
{Heap after GC invocations=54 (full 0):
 garbage-first heap   total 102400K, used 30723K [0x000000008a800000, 0x0000000100000000)
  region size 1024K, 5 young (5120K), 5 survivors (5120K)
 Metaspace       used 46616K, committed 47168K, reserved 1114112K
  class space    used 5563K, committed 5824K, reserved 1048576K
}
Event: 96.286 GC heap before
{Heap before GC invocations=54 (full 0):
 garbage-first heap   total 102400K, used 84995K [0x000000008a800000, 0x0000000100000000)
  region size 1024K, 59 young (60416K), 5 survivors (5120K)
 Metaspace       used 51761K, committed 52352K, reserved 1114112K
  class space    used 6184K, committed 6464K, reserved 1048576K
}
Event: 96.298 GC heap after
{Heap after GC invocations=55 (full 0):
 garbage-first heap   total 102400K, used 40786K [0x000000008a800000, 0x0000000100000000)
  region size 1024K, 8 young (8192K), 8 survivors (8192K)
 Metaspace       used 51761K, committed 52352K, reserved 1114112K
  class space    used 6184K, committed 6464K, reserved 1048576K
}
Event: 96.415 GC heap before
{Heap before GC invocations=55 (full 0):
 garbage-first heap   total 102400K, used 77650K [0x000000008a800000, 0x0000000100000000)
  region size 1024K, 44 young (45056K), 8 survivors (8192K)
 Metaspace       used 52070K, committed 52672K, reserved 1114112K
  class space    used 6267K, committed 6528K, reserved 1048576K
}
Event: 96.420 GC heap after
{Heap after GC invocations=56 (full 0):
 garbage-first heap   total 102400K, used 43734K [0x000000008a800000, 0x0000000100000000)
  region size 1024K, 3 young (3072K), 3 survivors (3072K)
 Metaspace       used 52070K, committed 52672K, reserved 1114112K
  class space    used 6267K, committed 6528K, reserved 1048576K
}
Event: 96.480 GC heap before
{Heap before GC invocations=56 (full 0):
 garbage-first heap   total 102400K, used 77526K [0x000000008a800000, 0x0000000100000000)
  region size 1024K, 36 young (36864K), 3 survivors (3072K)
 Metaspace       used 52074K, committed 52672K, reserved 1114112K
  class space    used 6267K, committed 6528K, reserved 1048576K
}
Event: 96.481 GC heap after
{Heap after GC invocations=57 (full 0):
 garbage-first heap   total 102400K, used 43676K [0x000000008a800000, 0x0000000100000000)
  region size 1024K, 3 young (3072K), 3 survivors (3072K)
 Metaspace       used 52074K, committed 52672K, reserved 1114112K
  class space    used 6267K, committed 6528K, reserved 1048576K
}
Event: 96.540 GC heap before
{Heap before GC invocations=57 (full 0):
 garbage-first heap   total 102400K, used 80540K [0x000000008a800000, 0x0000000100000000)
  region size 1024K, 39 young (39936K), 3 survivors (3072K)
 Metaspace       used 52083K, committed 52672K, reserved 1114112K
  class space    used 6267K, committed 6528K, reserved 1048576K
}
Event: 96.542 GC heap after
{Heap after GC invocations=58 (full 0):
 garbage-first heap   total 102400K, used 43304K [0x000000008a800000, 0x0000000100000000)
  region size 1024K, 3 young (3072K), 3 survivors (3072K)
 Metaspace       used 52083K, committed 52672K, reserved 1114112K
  class space    used 6267K, committed 6528K, reserved 1048576K
}
Event: 96.599 GC heap before
{Heap before GC invocations=58 (full 0):
 garbage-first heap   total 102400K, used 82216K [0x000000008a800000, 0x0000000100000000)
  region size 1024K, 41 young (41984K), 3 survivors (3072K)
 Metaspace       used 52099K, committed 52672K, reserved 1114112K
  class space    used 6267K, committed 6528K, reserved 1048576K
}
Event: 96.601 GC heap after
{Heap after GC invocations=59 (full 0):
 garbage-first heap   total 122880K, used 43265K [0x000000008a800000, 0x0000000100000000)
  region size 1024K, 3 young (3072K), 3 survivors (3072K)
 Metaspace       used 52099K, committed 52672K, reserved 1114112K
  class space    used 6267K, committed 6528K, reserved 1048576K
}
Event: 96.648 GC heap before
{Heap before GC invocations=59 (full 0):
 garbage-first heap   total 122880K, used 100609K [0x000000008a800000, 0x0000000100000000)
  region size 1024K, 59 young (60416K), 3 survivors (3072K)
 Metaspace       used 52109K, committed 52672K, reserved 1114112K
  class space    used 6267K, committed 6528K, reserved 1048576K
}
Event: 96.649 GC heap after
{Heap after GC invocations=60 (full 0):
 garbage-first heap   total 122880K, used 43299K [0x000000008a800000, 0x0000000100000000)
  region size 1024K, 3 young (3072K), 3 survivors (3072K)
 Metaspace       used 52109K, committed 52672K, reserved 1114112K
  class space    used 6267K, committed 6528K, reserved 1048576K
}

