# JRE version: OpenJDK Runtime Environment Temurin-17.0.11+9 (17.0.11+9) (build 17.0.11+9)
# Java VM: OpenJDK 64-Bit Server VM Temurin-17.0.11+9 (17.0.11+9, mixed mode, sharing, tiered, compressed oops, compressed class ptrs, g1 gc, windows-amd64)
GC Precious Log:
 CPUs: 12 total, 12 available
 Memory: 7518M
 Large Page Support: Disabled
 NUMA Support: Disabled
 Compressed Oops: Enabled (32-bit)
 Heap Region Size: 1M
 Heap Min Capacity: 8M
 Heap Initial Capacity: 118M
 Heap Max Capacity: 1880M
 Pre-touch: Disabled
 Parallel Workers: 10
 Concurrent Workers: 3
 Concurrent Refinement Workers: 10
 Periodic GC: Disabled
Heap:
 garbage-first heap   total 84992K, used 31467K [0x000000008a800000, 0x0000000100000000)
  region size 1024K, 5 young (5120K), 4 survivors (4096K)
 Metaspace       used 45383K, committed 45952K, reserved 1114112K
  class space    used 5428K, committed 5696K, reserved 1048576K
GC Heap History (20 events):
Event: 55.867 GC heap before
{Heap before GC invocations=47 (full 0):
 garbage-first heap   total 70656K, used 59355K [0x000000008a800000, 0x0000000100000000)
  region size 1024K, 31 young (31744K), 2 survivors (2048K)
 Metaspace       used 41763K, committed 42240K, reserved 1114112K
  class space    used 4918K, committed 5120K, reserved 1048576K
}
Event: 55.870 GC heap after
{Heap after GC invocations=48 (full 0):
 garbage-first heap   total 70656K, used 29839K [0x000000008a800000, 0x0000000100000000)
  region size 1024K, 2 young (2048K), 2 survivors (2048K)
 Metaspace       used 41763K, committed 42240K, reserved 1114112K
  class space    used 4918K, committed 5120K, reserved 1048576K
}
Event: 56.118 GC heap before
{Heap before GC invocations=48 (full 0):
 garbage-first heap   total 70656K, used 59535K [0x000000008a800000, 0x0000000100000000)
  region size 1024K, 31 young (31744K), 2 survivors (2048K)
 Metaspace       used 42852K, committed 43328K, reserved 1114112K
  class space    used 5098K, committed 5312K, reserved 1048576K
}
Event: 56.121 GC heap after
{Heap after GC invocations=49 (full 0):
 garbage-first heap   total 84992K, used 30119K [0x000000008a800000, 0x0000000100000000)
  region size 1024K, 3 young (3072K), 3 survivors (3072K)
 Metaspace       used 42852K, committed 43328K, reserved 1114112K
  class space    used 5098K, committed 5312K, reserved 1048576K
}
Event: 58.285 GC heap before
{Heap before GC invocations=49 (full 0):
 garbage-first heap   total 84992K, used 71079K [0x000000008a800000, 0x0000000100000000)
  region size 1024K, 43 young (44032K), 3 survivors (3072K)
 Metaspace       used 43296K, committed 43776K, reserved 1114112K
  class space    used 5163K, committed 5376K, reserved 1048576K
}
Event: 58.289 GC heap after
{Heap after GC invocations=50 (full 0):
 garbage-first heap   total 84992K, used 30217K [0x000000008a800000, 0x0000000100000000)
  region size 1024K, 3 young (3072K), 3 survivors (3072K)
 Metaspace       used 43296K, committed 43776K, reserved 1114112K
  class space    used 5163K, committed 5376K, reserved 1048576K
}
Event: 60.448 GC heap before
{Heap before GC invocations=50 (full 0):
 garbage-first heap   total 84992K, used 71177K [0x000000008a800000, 0x0000000100000000)
  region size 1024K, 43 young (44032K), 3 survivors (3072K)
 Metaspace       used 43296K, committed 43776K, reserved 1114112K
  class space    used 5163K, committed 5376K, reserved 1048576K
}
Event: 60.451 GC heap after
{Heap after GC invocations=51 (full 0):
 garbage-first heap   total 84992K, used 30230K [0x000000008a800000, 0x0000000100000000)
  region size 1024K, 3 young (3072K), 3 survivors (3072K)
 Metaspace       used 43296K, committed 43776K, reserved 1114112K
  class space    used 5163K, committed 5376K, reserved 1048576K
}
Event: 62.776 GC heap before
{Heap before GC invocations=51 (full 0):
 garbage-first heap   total 84992K, used 71190K [0x000000008a800000, 0x0000000100000000)
  region size 1024K, 43 young (44032K), 3 survivors (3072K)
 Metaspace       used 43296K, committed 43776K, reserved 1114112K
  class space    used 5163K, committed 5376K, reserved 1048576K
}
Event: 62.780 GC heap after
{Heap after GC invocations=52 (full 0):
 garbage-first heap   total 84992K, used 30357K [0x000000008a800000, 0x0000000100000000)
  region size 1024K, 3 young (3072K), 3 survivors (3072K)
 Metaspace       used 43296K, committed 43776K, reserved 1114112K
  class space    used 5163K, committed 5376K, reserved 1048576K
}
Event: 65.404 GC heap before
{Heap before GC invocations=52 (full 0):
 garbage-first heap   total 84992K, used 71317K [0x000000008a800000, 0x0000000100000000)
  region size 1024K, 43 young (44032K), 3 survivors (3072K)
 Metaspace       used 43296K, committed 43776K, reserved 1114112K
  class space    used 5163K, committed 5376K, reserved 1048576K
}
Event: 65.408 GC heap after
{Heap after GC invocations=53 (full 0):
 garbage-first heap   total 84992K, used 30254K [0x000000008a800000, 0x0000000100000000)
  region size 1024K, 3 young (3072K), 3 survivors (3072K)
 Metaspace       used 43296K, committed 43776K, reserved 1114112K
  class space    used 5163K, committed 5376K, reserved 1048576K
}
Event: 67.575 GC heap before
{Heap before GC invocations=53 (full 0):
 garbage-first heap   total 84992K, used 71214K [0x000000008a800000, 0x0000000100000000)
  region size 1024K, 43 young (44032K), 3 survivors (3072K)
 Metaspace       used 43296K, committed 43776K, reserved 1114112K
  class space    used 5163K, committed 5376K, reserved 1048576K
}
Event: 67.577 GC heap after
{Heap after GC invocations=54 (full 0):
 garbage-first heap   total 84992K, used 30370K [0x000000008a800000, 0x0000000100000000)
  region size 1024K, 3 young (3072K), 3 survivors (3072K)
 Metaspace       used 43296K, committed 43776K, reserved 1114112K
  class space    used 5163K, committed 5376K, reserved 1048576K
}
Event: 69.560 GC heap before
{Heap before GC invocations=54 (full 0):
 garbage-first heap   total 84992K, used 71330K [0x000000008a800000, 0x0000000100000000)
  region size 1024K, 43 young (44032K), 3 survivors (3072K)
 Metaspace       used 43296K, committed 43776K, reserved 1114112K
  class space    used 5163K, committed 5376K, reserved 1048576K
}
Event: 69.563 GC heap after
{Heap after GC invocations=55 (full 0):
 garbage-first heap   total 84992K, used 30280K [0x000000008a800000, 0x0000000100000000)
  region size 1024K, 3 young (3072K), 3 survivors (3072K)
 Metaspace       used 43296K, committed 43776K, reserved 1114112K
  class space    used 5163K, committed 5376K, reserved 1048576K
}
Event: 71.735 GC heap before
{Heap before GC invocations=55 (full 0):
 garbage-first heap   total 84992K, used 71240K [0x000000008a800000, 0x0000000100000000)
  region size 1024K, 43 young (44032K), 3 survivors (3072K)
 Metaspace       used 44196K, committed 44736K, reserved 1114112K
  class space    used 5286K, committed 5568K, reserved 1048576K
}
Event: 71.739 GC heap after
{Heap after GC invocations=56 (full 0):
 garbage-first heap   total 84992K, used 30376K [0x000000008a800000, 0x0000000100000000)
  region size 1024K, 3 young (3072K), 3 survivors (3072K)
 Metaspace       used 44196K, committed 44736K, reserved 1114112K
  class space    used 5286K, committed 5568K, reserved 1048576K
}
Event: 116.613 GC heap before
{Heap before GC invocations=56 (full 0):
 garbage-first heap   total 84992K, used 70312K [0x000000008a800000, 0x0000000100000000)
  region size 1024K, 43 young (44032K), 3 survivors (3072K)
 Metaspace       used 45376K, committed 45952K, reserved 1114112K
  class space    used 5428K, committed 5696K, reserved 1048576K
}
Event: 117.619 GC heap after
{Heap after GC invocations=57 (full 0):
 garbage-first heap   total 84992K, used 31467K [0x000000008a800000, 0x0000000100000000)
  region size 1024K, 4 young (4096K), 4 survivors (4096K)
 Metaspace       used 45376K, committed 45952K, reserved 1114112K
  class space    used 5428K, committed 5696K, reserved 1048576K
}

